0 info it worked if it ends with ok
1 verbose cli [ '/Users/vicensfayos/.nvm/versions/node/v6.8.1/bin/node',
1 verbose cli   '/Users/vicensfayos/.nvm/versions/node/v6.8.1/bin/npm',
1 verbose cli   'run',
1 verbose cli   'build' ]
2 info using npm@3.10.8
3 info using node@v6.8.1
4 verbose run-script [ 'prebuild', 'build', 'postbuild' ]
5 info lifecycle SleepDiary@1.0.0~prebuild: SleepDiary@1.0.0
6 silly lifecycle SleepDiary@1.0.0~prebuild: no script for prebuild, continuing
7 info lifecycle SleepDiary@1.0.0~build: SleepDiary@1.0.0
8 verbose lifecycle SleepDiary@1.0.0~build: unsafe-perm in lifecycle true
9 verbose lifecycle SleepDiary@1.0.0~build: PATH: /Users/vicensfayos/.nvm/versions/node/v6.8.1/lib/node_modules/npm/bin/node-gyp-bin:/Users/vicensfayos/Projects/sleepdiary.io/node_modules/.bin:/Users/vicensfayos/.rvm/gems/ruby-2.3.1/bin:/Users/vicensfayos/.rvm/gems/ruby-2.3.1@global/bin:/Users/vicensfayos/.rvm/rubies/ruby-2.3.1/bin:/Users/vicensfayos/.nvm/versions/node/v6.8.1/bin:/Users/vicensfayos/perl5/perlbrew/bin:/Users/vicensfayos/perl5/perlbrew/perls/perl-5.16.0/bin:/usr/local/heroku/bin:/Library/Frameworks/Python.framework/Versions/3.5/bin:/Users/vicensfayos/.sdkman/candidates/springboot/current/bin:/usr/local/sbin:/usr/local/opt/php56/sbin::/usr/local/mysql/bin:/usr/local/bin:/usr/bin:/bin:/usr/sbin:/sbin:/opt/X11/bin:/Users/vicensfayos/Apps/apache-maven-3.3.3/bin:/Applications/Postgres.app/Contents/Versions/9.4/bin:/Users/vicensfayos/Apps/apache-maven-3.3.3/bin:/Users/vicensfayos/.rvm/bin
10 verbose lifecycle SleepDiary@1.0.0~build: CWD: /Users/vicensfayos/Projects/sleepdiary.io
11 silly lifecycle SleepDiary@1.0.0~build: Args: [ '-c',
11 silly lifecycle   'rimraf dist  && webpack -d --progress --profile --config webpack.config.js' ]
12 silly lifecycle SleepDiary@1.0.0~build: Returned: code: 1  signal: null
13 info lifecycle SleepDiary@1.0.0~build: Failed to exec build script
14 verbose stack Error: SleepDiary@1.0.0 build: `rimraf dist  && webpack -d --progress --profile --config webpack.config.js`
14 verbose stack Exit status 1
14 verbose stack     at EventEmitter.<anonymous> (/Users/vicensfayos/.nvm/versions/node/v6.8.1/lib/node_modules/npm/lib/utils/lifecycle.js:255:16)
14 verbose stack     at emitTwo (events.js:106:13)
14 verbose stack     at EventEmitter.emit (events.js:191:7)
14 verbose stack     at ChildProcess.<anonymous> (/Users/vicensfayos/.nvm/versions/node/v6.8.1/lib/node_modules/npm/lib/utils/spawn.js:40:14)
14 verbose stack     at emitTwo (events.js:106:13)
14 verbose stack     at ChildProcess.emit (events.js:191:7)
14 verbose stack     at maybeClose (internal/child_process.js:877:16)
14 verbose stack     at Process.ChildProcess._handle.onexit (internal/child_process.js:226:5)
15 verbose pkgid SleepDiary@1.0.0
16 verbose cwd /Users/vicensfayos/Projects/sleepdiary.io
17 error Darwin 16.1.0
18 error argv "/Users/vicensfayos/.nvm/versions/node/v6.8.1/bin/node" "/Users/vicensfayos/.nvm/versions/node/v6.8.1/bin/npm" "run" "build"
19 error node v6.8.1
20 error npm  v3.10.8
21 error code ELIFECYCLE
22 error SleepDiary@1.0.0 build: `rimraf dist  && webpack -d --progress --profile --config webpack.config.js`
22 error Exit status 1
23 error Failed at the SleepDiary@1.0.0 build script 'rimraf dist  && webpack -d --progress --profile --config webpack.config.js'.
23 error Make sure you have the latest version of node.js and npm installed.
23 error If you do, this is most likely a problem with the SleepDiary package,
23 error not with npm itself.
23 error Tell the author that this fails on your system:
23 error     rimraf dist  && webpack -d --progress --profile --config webpack.config.js
23 error You can get information on how to open an issue for this project with:
23 error     npm bugs SleepDiary
23 error Or if that isn't available, you can get their info via:
23 error     npm owner ls SleepDiary
23 error There is likely additional logging output above.
24 verbose exit [ 1, true ]
